[debug] [2020-10-29T02:57:13.657Z] ----------------------------------------------------------------------
[debug] [2020-10-29T02:57:13.659Z] Command:       C:\Program Files\nodejs\node.exe C:\Users\Armando\AppData\Roaming\npm\node_modules\firebase-tools\lib\bin\firebase.js deploy --only functions
[debug] [2020-10-29T02:57:13.659Z] CLI Version:   8.12.1
[debug] [2020-10-29T02:57:13.659Z] Platform:      win32
[debug] [2020-10-29T02:57:13.659Z] Node Version:  v14.14.0
[debug] [2020-10-29T02:57:13.660Z] Time:          Wed Oct 28 2020 20:57:13 GMT-0600 (hora estándar central)
[debug] [2020-10-29T02:57:13.660Z] ----------------------------------------------------------------------
[debug] [2020-10-29T02:57:13.660Z] 
[debug] [2020-10-29T02:57:13.665Z] > command requires scopes: ["email","openid","https://www.googleapis.com/auth/cloudplatformprojects.readonly","https://www.googleapis.com/auth/firebase","https://www.googleapis.com/auth/cloud-platform"]
[debug] [2020-10-29T02:57:13.665Z] > authorizing via signed-in user
[debug] [2020-10-29T02:57:13.666Z] [iam] checking project asadores-fd5ac for permissions ["cloudfunctions.functions.create","cloudfunctions.functions.delete","cloudfunctions.functions.get","cloudfunctions.functions.list","cloudfunctions.functions.update","cloudfunctions.operations.get","firebase.projects.get"]
[debug] [2020-10-29T02:57:13.668Z] > refreshing access token with scopes: ["email","https://www.googleapis.com/auth/cloud-platform","https://www.googleapis.com/auth/cloudplatformprojects.readonly","https://www.googleapis.com/auth/firebase","openid"]
[debug] [2020-10-29T02:57:13.668Z] >>> HTTP REQUEST POST https://www.googleapis.com/oauth2/v3/token  
 <request body omitted>
[debug] [2020-10-29T02:57:14.059Z] <<< HTTP RESPONSE 200 {"pragma":"no-cache","date":"Thu, 29 Oct 2020 02:57:14 GMT","expires":"Mon, 01 Jan 1990 00:00:00 GMT","cache-control":"no-cache, no-store, max-age=0, must-revalidate","content-type":"application/json; charset=utf-8","vary":"X-Origin, Referer, Origin,Accept-Encoding","server":"scaffolding on HTTPServer2","x-xss-protection":"0","x-frame-options":"SAMEORIGIN","x-content-type-options":"nosniff","alt-svc":"h3-Q050=\":443\"; ma=2592000,h3-29=\":443\"; ma=2592000,h3-T051=\":443\"; ma=2592000,h3-T050=\":443\"; ma=2592000,h3-Q046=\":443\"; ma=2592000,h3-Q043=\":443\"; ma=2592000,quic=\":443\"; ma=2592000; v=\"46,43\"","accept-ranges":"none","transfer-encoding":"chunked"}
[debug] [2020-10-29T02:57:14.068Z] >>> HTTP REQUEST POST https://cloudresourcemanager.googleapis.com/v1/projects/asadores-fd5ac:testIamPermissions  
 {"permissions":["cloudfunctions.functions.create","cloudfunctions.functions.delete","cloudfunctions.functions.get","cloudfunctions.functions.list","cloudfunctions.functions.update","cloudfunctions.operations.get","firebase.projects.get"]}
[debug] [2020-10-29T02:57:14.536Z] <<< HTTP RESPONSE 200 {"content-type":"application/json; charset=UTF-8","vary":"X-Origin, Referer, Origin,Accept-Encoding","date":"Thu, 29 Oct 2020 02:57:14 GMT","server":"ESF","cache-control":"private","x-xss-protection":"0","x-frame-options":"SAMEORIGIN","x-content-type-options":"nosniff","server-timing":"gfet4t7; dur=88","alt-svc":"h3-Q050=\":443\"; ma=2592000,h3-29=\":443\"; ma=2592000,h3-T051=\":443\"; ma=2592000,h3-T050=\":443\"; ma=2592000,h3-Q046=\":443\"; ma=2592000,h3-Q043=\":443\"; ma=2592000,quic=\":443\"; ma=2592000; v=\"46,43\"","accept-ranges":"none","transfer-encoding":"chunked"}
[debug] [2020-10-29T02:57:14.539Z] >>> HTTP REQUEST POST https://iam.googleapis.com/v1/projects/asadores-fd5ac/serviceAccounts/asadores-fd5ac@appspot.gserviceaccount.com:testIamPermissions  
 {"permissions":["iam.serviceAccounts.actAs"]}
[debug] [2020-10-29T02:57:15.043Z] <<< HTTP RESPONSE 200 {"content-type":"application/json; charset=UTF-8","vary":"X-Origin, Referer, Origin,Accept-Encoding","date":"Thu, 29 Oct 2020 02:57:15 GMT","server":"ESF","cache-control":"private","x-xss-protection":"0","x-frame-options":"SAMEORIGIN","x-content-type-options":"nosniff","alt-svc":"h3-Q050=\":443\"; ma=2592000,h3-29=\":443\"; ma=2592000,h3-T051=\":443\"; ma=2592000,h3-T050=\":443\"; ma=2592000,h3-Q046=\":443\"; ma=2592000,h3-Q043=\":443\"; ma=2592000,quic=\":443\"; ma=2592000; v=\"46,43\"","accept-ranges":"none","transfer-encoding":"chunked"}
[info] 
[info] === Deploying to 'asadores-fd5ac'...
[info] 
[info] i  deploying functions 
[debug] [2020-10-29T02:57:20.161Z] > [functions] package.json contents: {
  "name": "api-witideal",
  "version": "0.0.1",
  "description": "api for witideal",
  "scripts": {
    "watch": "set NODE_ENV=development&& webpack",
    "server": "nodemon ./build/index.js",
    "build": "set NODE_ENV=production&& webpack",
    "serve": "firebase emulators:start --only functions",
    "shell": "firebase functions:shell",
    "start": "npm run shell",
    "deploy": "firebase deploy --only functions",
    "logs": "firebase functions:log"
  },
  "engines": {
    "node": "10"
  },
  "main": "index.js",
  "author": "armandojes",
  "license": "ISC",
  "dependencies": {
    "firebase-functions": "^3.6.1",
    "@firebase/app": "^0.6.11",
    "cors": "^2.8.5",
    "express": "^4.17.1",
    "express-bearer-token": "^2.4.0",
    "firebase": "^7.24.0",
    "firebase-admin": "^9.2.0",
    "isomorphic-fetch": "^3.0.0",
    "jsonwebtoken": "^8.5.1",
    "node-fetch": "^2.6.1",
    "openpay": "^1.0.5",
    "regenerator-runtime": "^0.13.7"
  },
  "devDependencies": {
    "firebase-functions-test": "^0.2.0",
    "@babel/core": "^7.11.6",
    "@babel/preset-env": "^7.11.5",
    "babel-core": "^6.26.3",
    "babel-eslint": "^10.1.0",
    "babel-loader": "^8.1.0",
    "eslint": "^7.11.0",
    "eslint-config-standard": "^14.1.1",
    "eslint-plugin-import": "^2.22.1",
    "eslint-plugin-node": "^11.1.0",
    "eslint-plugin-promise": "^4.2.1",
    "eslint-plugin-standard": "^4.0.1",
    "nodemon": "^2.0.5",
    "vercel": "^20.1.2",
    "webpack": "^4.41.5",
    "webpack-cli": "^3.3.10",
    "webpack-node-externals": "^2.5.2"
  },
  "private": true
}
[info] i  functions: ensuring required API cloudfunctions.googleapis.com is enabled... 
[info] i  functions: ensuring required API cloudbuild.googleapis.com is enabled... 
[debug] [2020-10-29T02:57:23.348Z] >>> HTTP REQUEST GET https://serviceusage.googleapis.com/v1/projects/asadores-fd5ac/services/cloudfunctions.googleapis.com  
 
[debug] [2020-10-29T02:57:23.348Z] >>> HTTP REQUEST GET https://serviceusage.googleapis.com/v1/projects/asadores-fd5ac/services/runtimeconfig.googleapis.com  
 
[debug] [2020-10-29T02:57:23.348Z] >>> HTTP REQUEST GET https://serviceusage.googleapis.com/v1/projects/asadores-fd5ac/services/cloudbuild.googleapis.com  
 
[debug] [2020-10-29T02:57:23.918Z] <<< HTTP RESPONSE 200 {"content-type":"application/json; charset=UTF-8","vary":"X-Origin, Referer, Origin,Accept-Encoding","date":"Thu, 29 Oct 2020 02:57:24 GMT","server":"ESF","cache-control":"private","x-xss-protection":"0","x-frame-options":"SAMEORIGIN","x-content-type-options":"nosniff","alt-svc":"h3-Q050=\":443\"; ma=2592000,h3-29=\":443\"; ma=2592000,h3-T051=\":443\"; ma=2592000,h3-T050=\":443\"; ma=2592000,h3-Q046=\":443\"; ma=2592000,h3-Q043=\":443\"; ma=2592000,quic=\":443\"; ma=2592000; v=\"46,43\"","accept-ranges":"none","transfer-encoding":"chunked"}
[debug] [2020-10-29T02:57:24.089Z] <<< HTTP RESPONSE 200 {"content-type":"application/json; charset=UTF-8","vary":"X-Origin, Referer, Origin,Accept-Encoding","date":"Thu, 29 Oct 2020 02:57:24 GMT","server":"ESF","cache-control":"private","x-xss-protection":"0","x-frame-options":"SAMEORIGIN","x-content-type-options":"nosniff","alt-svc":"h3-Q050=\":443\"; ma=2592000,h3-29=\":443\"; ma=2592000,h3-T051=\":443\"; ma=2592000,h3-T050=\":443\"; ma=2592000,h3-Q046=\":443\"; ma=2592000,h3-Q043=\":443\"; ma=2592000,quic=\":443\"; ma=2592000; v=\"46,43\"","accept-ranges":"none","transfer-encoding":"chunked"}
[info] +  functions: required API cloudbuild.googleapis.com is enabled 
[debug] [2020-10-29T02:57:24.142Z] <<< HTTP RESPONSE 200 {"content-type":"application/json; charset=UTF-8","vary":"X-Origin, Referer, Origin,Accept-Encoding","date":"Thu, 29 Oct 2020 02:57:24 GMT","server":"ESF","cache-control":"private","x-xss-protection":"0","x-frame-options":"SAMEORIGIN","x-content-type-options":"nosniff","alt-svc":"h3-Q050=\":443\"; ma=2592000,h3-29=\":443\"; ma=2592000,h3-T051=\":443\"; ma=2592000,h3-T050=\":443\"; ma=2592000,h3-Q046=\":443\"; ma=2592000,h3-Q043=\":443\"; ma=2592000,quic=\":443\"; ma=2592000; v=\"46,43\"","accept-ranges":"none","transfer-encoding":"chunked"}
[info] +  functions: required API cloudfunctions.googleapis.com is enabled 
[debug] [2020-10-29T02:57:24.143Z] >>> HTTP REQUEST GET https://firebase.googleapis.com/v1beta1/projects/asadores-fd5ac/adminSdkConfig  
 
[debug] [2020-10-29T02:57:24.606Z] <<< HTTP RESPONSE 200 {"content-type":"application/json; charset=UTF-8","vary":"X-Origin, Referer, Origin,Accept-Encoding","date":"Thu, 29 Oct 2020 02:57:24 GMT","server":"ESF","cache-control":"private","x-xss-protection":"0","x-frame-options":"SAMEORIGIN","x-content-type-options":"nosniff","alt-svc":"h3-Q050=\":443\"; ma=2592000,h3-29=\":443\"; ma=2592000,h3-T051=\":443\"; ma=2592000,h3-T050=\":443\"; ma=2592000,h3-Q046=\":443\"; ma=2592000,h3-Q043=\":443\"; ma=2592000,quic=\":443\"; ma=2592000; v=\"46,43\"","accept-ranges":"none","transfer-encoding":"chunked"}
[info] i  functions: preparing functions directory for uploading... 
[debug] [2020-10-29T02:57:24.612Z] >>> HTTP REQUEST GET https://runtimeconfig.googleapis.com/v1beta1/projects/asadores-fd5ac/configs  
 
[debug] [2020-10-29T02:57:25.234Z] <<< HTTP RESPONSE 200 {"content-type":"application/json; charset=UTF-8","vary":"X-Origin, Referer, Origin,Accept-Encoding","date":"Thu, 29 Oct 2020 02:57:25 GMT","server":"ESF","cache-control":"private","x-xss-protection":"0","x-frame-options":"SAMEORIGIN","x-content-type-options":"nosniff","alt-svc":"h3-Q050=\":443\"; ma=2592000,h3-29=\":443\"; ma=2592000,h3-T051=\":443\"; ma=2592000,h3-T050=\":443\"; ma=2592000,h3-Q046=\":443\"; ma=2592000,h3-Q043=\":443\"; ma=2592000,quic=\":443\"; ma=2592000; v=\"46,43\"","accept-ranges":"none","transfer-encoding":"chunked"}
[info] i  functions: packaged functions (136.93 KB) for uploading 
[debug] [2020-10-29T02:57:25.800Z] >>> HTTP REQUEST GET https://cloudfunctions.googleapis.com/v1/projects/asadores-fd5ac/locations/-/functions  
 
[debug] [2020-10-29T02:57:26.779Z] <<< HTTP RESPONSE 200 {"content-type":"application/json; charset=UTF-8","vary":"X-Origin, Referer, Origin,Accept-Encoding","date":"Thu, 29 Oct 2020 02:57:27 GMT","server":"ESF","cache-control":"private","x-xss-protection":"0","x-frame-options":"SAMEORIGIN","x-content-type-options":"nosniff","alt-svc":"h3-Q050=\":443\"; ma=2592000,h3-29=\":443\"; ma=2592000,h3-T051=\":443\"; ma=2592000,h3-T050=\":443\"; ma=2592000,h3-Q046=\":443\"; ma=2592000,h3-Q043=\":443\"; ma=2592000,quic=\":443\"; ma=2592000; v=\"46,43\"","accept-ranges":"none","transfer-encoding":"chunked"}
[debug] [2020-10-29T02:57:26.783Z] [functions] found 1 new HTTP functions, testing setIamPolicy permission...
[debug] [2020-10-29T02:57:26.783Z] >>> HTTP REQUEST POST https://cloudresourcemanager.googleapis.com/v1/projects/asadores-fd5ac:testIamPermissions  
 {"permissions":["cloudfunctions.functions.setIamPolicy"]}
[debug] [2020-10-29T02:57:27.293Z] <<< HTTP RESPONSE 200 {"content-type":"application/json; charset=UTF-8","vary":"X-Origin, Referer, Origin,Accept-Encoding","date":"Thu, 29 Oct 2020 02:57:27 GMT","server":"ESF","cache-control":"private","x-xss-protection":"0","x-frame-options":"SAMEORIGIN","x-content-type-options":"nosniff","server-timing":"gfet4t7; dur=240","alt-svc":"h3-Q050=\":443\"; ma=2592000,h3-29=\":443\"; ma=2592000,h3-T051=\":443\"; ma=2592000,h3-T050=\":443\"; ma=2592000,h3-Q046=\":443\"; ma=2592000,h3-Q043=\":443\"; ma=2592000,quic=\":443\"; ma=2592000; v=\"46,43\"","accept-ranges":"none","transfer-encoding":"chunked"}
[debug] [2020-10-29T02:57:27.293Z] [functions] found setIamPolicy permission, proceeding with deploy
[debug] [2020-10-29T02:57:27.294Z] >>> HTTP REQUEST POST https://cloudfunctions.googleapis.com/v1/projects/asadores-fd5ac/locations/us-central1/functions:generateUploadUrl  
 
[debug] [2020-10-29T02:57:28.076Z] <<< HTTP RESPONSE 200 {"content-type":"application/json; charset=UTF-8","vary":"X-Origin, Referer, Origin,Accept-Encoding","date":"Thu, 29 Oct 2020 02:57:28 GMT","server":"ESF","cache-control":"private","x-xss-protection":"0","x-frame-options":"SAMEORIGIN","x-content-type-options":"nosniff","alt-svc":"h3-Q050=\":443\"; ma=2592000,h3-29=\":443\"; ma=2592000,h3-T051=\":443\"; ma=2592000,h3-T050=\":443\"; ma=2592000,h3-Q046=\":443\"; ma=2592000,h3-Q043=\":443\"; ma=2592000,quic=\":443\"; ma=2592000; v=\"46,43\"","accept-ranges":"none","transfer-encoding":"chunked"}
[debug] [2020-10-29T02:57:28.078Z] >>> HTTP REQUEST PUT https://storage.googleapis.com/gcf-upload-us-central1-954182ff-6ed0-4642-b2b7-c1d5767fc28c/cdfb9b17-3c12-4bec-a413-8e6f09c19a0d.zip?GoogleAccessId=service-395893304912@gcf-admin-robot.iam.gserviceaccount.com&Expires=1603942048&Signature=TQuoGqrlmChRDLphmkFUXEc6I82Ca6MKLxJA5FchzKZN1UfE3X6CVwB9LgWlxgKOYDJecdnbZlxxzttDn6264GpOBy8abD13TzyeXYsC9c3FrAztwLxmZLNQj91bROuK1LYKvilvy9pSLZAKLrSNQjotzHW8KuO13ear%2FTQuLCeEhHBPtFqldjsilETnHzX1QAQouWPdnr23cwlRlNydajR7KB4cwvZXu2Ql1OJH1TdbX08kUlvywfgjkWWcVQjPEm%2BdALn0ipCce3wxNgMtRbUWRxyu9M2%2B2EaG11heqdF%2BnwhvJ3%2BlO05n6Nd0QkZe29H0kovi6zLuIpPmKj9aSw%3D%3D  
 <request body omitted>
[debug] [2020-10-29T02:57:30.195Z] <<< HTTP RESPONSE 200 {"x-guploader-uploadid":"ABg5-UyCxESBT_nomKvRGtxduj1qApM2XbD7sdoa3gxsByswR51YZ6rvq6yJ0hdrDGn-0VCx-RLJvYRtjBjuGE_XLjYDWRN9Mw","etag":"\"597c1527146eb29729644260e688815f\"","x-goog-generation":"1603940250272767","x-goog-metageneration":"1","x-goog-hash":"crc32c=Z4NGnw==, md5=WXwVJxRuspcpZEJg5oiBXw==","x-goog-stored-content-length":"140212","x-goog-stored-content-encoding":"identity","vary":"Origin","content-length":"0","date":"Thu, 29 Oct 2020 02:57:30 GMT","server":"UploadServer","content-type":"text/html; charset=UTF-8","alt-svc":"h3-Q050=\":443\"; ma=2592000,h3-29=\":443\"; ma=2592000,h3-T051=\":443\"; ma=2592000,h3-T050=\":443\"; ma=2592000,h3-Q046=\":443\"; ma=2592000,h3-Q043=\":443\"; ma=2592000,quic=\":443\"; ma=2592000; v=\"46,43\""}
[info] +  functions: functions folder uploaded successfully 
[info] i  functions: creating Node.js 10 function main(us-central1)... 
[debug] [2020-10-29T02:57:30.208Z] Trigger is:  {"httpsTrigger":{}}
[info] 
The following functions are found in your project but do not exist in your local source code:
	resizeImage(us-central1)

If you are renaming a function or changing its region, it is recommended that you create the new function first before deleting the old one to prevent event loss. For more info, visit https://firebase.google.com/docs/functions/manage-functions#modify

[info] i  functions: continuing with other deployments. 
[debug] [2020-10-29T02:57:53.656Z] >>> HTTP REQUEST POST https://cloudfunctions.googleapis.com/v1/projects/asadores-fd5ac/locations/us-central1/functions  
 {"sourceUploadUrl":"https://storage.googleapis.com/gcf-upload-us-central1-954182ff-6ed0-4642-b2b7-c1d5767fc28c/cdfb9b17-3c12-4bec-a413-8e6f09c19a0d.zip?GoogleAccessId=service-395893304912@gcf-admin-robot.iam.gserviceaccount.com&Expires=1603942048&Signature=TQuoGqrlmChRDLphmkFUXEc6I82Ca6MKLxJA5FchzKZN1UfE3X6CVwB9LgWlxgKOYDJecdnbZlxxzttDn6264GpOBy8abD13TzyeXYsC9c3FrAztwLxmZLNQj91bROuK1LYKvilvy9pSLZAKLrSNQjotzHW8KuO13ear%2FTQuLCeEhHBPtFqldjsilETnHzX1QAQouWPdnr23cwlRlNydajR7KB4cwvZXu2Ql1OJH1TdbX08kUlvywfgjkWWcVQjPEm%2BdALn0ipCce3wxNgMtRbUWRxyu9M2%2B2EaG11heqdF%2BnwhvJ3%2BlO05n6Nd0QkZe29H0kovi6zLuIpPmKj9aSw%3D%3D","name":"projects/asadores-fd5ac/locations/us-central1/functions/main","entryPoint":"main","labels":{"deployment-tool":"cli-firebase"},"runtime":"nodejs10","environmentVariables":{"FIREBASE_CONFIG":"{\"projectId\":\"asadores-fd5ac\",\"databaseURL\":\"https://asadores-fd5ac.firebaseio.com\",\"storageBucket\":\"asadores-fd5ac.appspot.com\",\"locationId\":\"us-central\"}"},"httpsTrigger":{}}
[debug] [2020-10-29T02:57:54.405Z] <<< HTTP RESPONSE 200 {"content-type":"application/json; charset=UTF-8","vary":"X-Origin, Referer, Origin,Accept-Encoding","date":"Thu, 29 Oct 2020 02:57:54 GMT","server":"ESF","cache-control":"private","x-xss-protection":"0","x-frame-options":"SAMEORIGIN","x-content-type-options":"nosniff","alt-svc":"h3-Q050=\":443\"; ma=2592000,h3-29=\":443\"; ma=2592000,h3-T051=\":443\"; ma=2592000,h3-T050=\":443\"; ma=2592000,h3-Q046=\":443\"; ma=2592000,h3-Q043=\":443\"; ma=2592000,quic=\":443\"; ma=2592000; v=\"46,43\"","accept-ranges":"none","transfer-encoding":"chunked"}
[debug] [2020-10-29T02:57:54.406Z] Setting public policy for function main
[debug] [2020-10-29T02:57:54.408Z] >>> HTTP REQUEST POST https://cloudfunctions.googleapis.com/v1/projects/asadores-fd5ac/locations/us-central1/functions/main:setIamPolicy  
 {"policy":{"version":3,"bindings":[{"role":"roles/cloudfunctions.invoker","members":["allUsers"]}]},"updateMask":"version,bindings"}
[debug] [2020-10-29T02:57:55.096Z] <<< HTTP RESPONSE 200 {"content-type":"application/json; charset=UTF-8","vary":"X-Origin, Referer, Origin,Accept-Encoding","date":"Thu, 29 Oct 2020 02:57:55 GMT","server":"ESF","cache-control":"private","x-xss-protection":"0","x-frame-options":"SAMEORIGIN","x-content-type-options":"nosniff","alt-svc":"h3-Q050=\":443\"; ma=2592000,h3-29=\":443\"; ma=2592000,h3-T051=\":443\"; ma=2592000,h3-T050=\":443\"; ma=2592000,h3-Q046=\":443\"; ma=2592000,h3-Q043=\":443\"; ma=2592000,quic=\":443\"; ma=2592000; v=\"46,43\"","accept-ranges":"none","transfer-encoding":"chunked"}
[debug] [2020-10-29T02:57:55.100Z] >>> HTTP REQUEST GET https://cloudfunctions.googleapis.com/v1/projects/asadores-fd5ac/locations/-/functions  
 
[debug] [2020-10-29T02:57:55.789Z] <<< HTTP RESPONSE 200 {"content-type":"application/json; charset=UTF-8","vary":"X-Origin, Referer, Origin,Accept-Encoding","date":"Thu, 29 Oct 2020 02:57:56 GMT","server":"ESF","cache-control":"private","x-xss-protection":"0","x-frame-options":"SAMEORIGIN","x-content-type-options":"nosniff","alt-svc":"h3-Q050=\":443\"; ma=2592000,h3-29=\":443\"; ma=2592000,h3-T051=\":443\"; ma=2592000,h3-T050=\":443\"; ma=2592000,h3-Q046=\":443\"; ma=2592000,h3-Q043=\":443\"; ma=2592000,quic=\":443\"; ma=2592000; v=\"46,43\"","accept-ranges":"none","transfer-encoding":"chunked"}
[debug] [2020-10-29T02:57:55.792Z] >>> HTTP REQUEST GET https://cloudfunctions.googleapis.com/v1/operations/YXNhZG9yZXMtZmQ1YWMvdXMtY2VudHJhbDEvbWFpbi81RGl4MUhrV20zNA  
 
[debug] [2020-10-29T02:57:56.201Z] <<< HTTP RESPONSE 200 {"content-type":"application/json; charset=UTF-8","vary":"X-Origin, Referer, Origin,Accept-Encoding","date":"Thu, 29 Oct 2020 02:57:56 GMT","server":"ESF","cache-control":"private","x-xss-protection":"0","x-frame-options":"SAMEORIGIN","x-content-type-options":"nosniff","alt-svc":"h3-Q050=\":443\"; ma=2592000,h3-29=\":443\"; ma=2592000,h3-T051=\":443\"; ma=2592000,h3-T050=\":443\"; ma=2592000,h3-Q046=\":443\"; ma=2592000,h3-Q043=\":443\"; ma=2592000,quic=\":443\"; ma=2592000; v=\"46,43\"","accept-ranges":"none","transfer-encoding":"chunked"}
[debug] [2020-10-29T02:57:58.204Z] >>> HTTP REQUEST GET https://cloudfunctions.googleapis.com/v1/operations/YXNhZG9yZXMtZmQ1YWMvdXMtY2VudHJhbDEvbWFpbi81RGl4MUhrV20zNA  
 
[debug] [2020-10-29T02:57:58.628Z] <<< HTTP RESPONSE 200 {"content-type":"application/json; charset=UTF-8","vary":"X-Origin, Referer, Origin,Accept-Encoding","date":"Thu, 29 Oct 2020 02:57:58 GMT","server":"ESF","cache-control":"private","x-xss-protection":"0","x-frame-options":"SAMEORIGIN","x-content-type-options":"nosniff","alt-svc":"h3-Q050=\":443\"; ma=2592000,h3-29=\":443\"; ma=2592000,h3-T051=\":443\"; ma=2592000,h3-T050=\":443\"; ma=2592000,h3-Q046=\":443\"; ma=2592000,h3-Q043=\":443\"; ma=2592000,quic=\":443\"; ma=2592000; v=\"46,43\"","accept-ranges":"none","transfer-encoding":"chunked"}
[debug] [2020-10-29T02:58:00.629Z] >>> HTTP REQUEST GET https://cloudfunctions.googleapis.com/v1/operations/YXNhZG9yZXMtZmQ1YWMvdXMtY2VudHJhbDEvbWFpbi81RGl4MUhrV20zNA  
 
[debug] [2020-10-29T02:58:00.979Z] <<< HTTP RESPONSE 200 {"content-type":"application/json; charset=UTF-8","vary":"X-Origin, Referer, Origin,Accept-Encoding","date":"Thu, 29 Oct 2020 02:58:01 GMT","server":"ESF","cache-control":"private","x-xss-protection":"0","x-frame-options":"SAMEORIGIN","x-content-type-options":"nosniff","alt-svc":"h3-Q050=\":443\"; ma=2592000,h3-29=\":443\"; ma=2592000,h3-T051=\":443\"; ma=2592000,h3-T050=\":443\"; ma=2592000,h3-Q046=\":443\"; ma=2592000,h3-Q043=\":443\"; ma=2592000,quic=\":443\"; ma=2592000; v=\"46,43\"","accept-ranges":"none","transfer-encoding":"chunked"}
[debug] [2020-10-29T02:58:02.981Z] >>> HTTP REQUEST GET https://cloudfunctions.googleapis.com/v1/operations/YXNhZG9yZXMtZmQ1YWMvdXMtY2VudHJhbDEvbWFpbi81RGl4MUhrV20zNA  
 
[debug] [2020-10-29T02:58:03.441Z] <<< HTTP RESPONSE 200 {"content-type":"application/json; charset=UTF-8","vary":"X-Origin, Referer, Origin,Accept-Encoding","date":"Thu, 29 Oct 2020 02:58:03 GMT","server":"ESF","cache-control":"private","x-xss-protection":"0","x-frame-options":"SAMEORIGIN","x-content-type-options":"nosniff","alt-svc":"h3-Q050=\":443\"; ma=2592000,h3-29=\":443\"; ma=2592000,h3-T051=\":443\"; ma=2592000,h3-T050=\":443\"; ma=2592000,h3-Q046=\":443\"; ma=2592000,h3-Q043=\":443\"; ma=2592000,quic=\":443\"; ma=2592000; v=\"46,43\"","accept-ranges":"none","transfer-encoding":"chunked"}
[debug] [2020-10-29T02:58:05.442Z] >>> HTTP REQUEST GET https://cloudfunctions.googleapis.com/v1/operations/YXNhZG9yZXMtZmQ1YWMvdXMtY2VudHJhbDEvbWFpbi81RGl4MUhrV20zNA  
 
[debug] [2020-10-29T02:58:05.869Z] <<< HTTP RESPONSE 200 {"content-type":"application/json; charset=UTF-8","vary":"X-Origin, Referer, Origin,Accept-Encoding","date":"Thu, 29 Oct 2020 02:58:06 GMT","server":"ESF","cache-control":"private","x-xss-protection":"0","x-frame-options":"SAMEORIGIN","x-content-type-options":"nosniff","alt-svc":"h3-Q050=\":443\"; ma=2592000,h3-29=\":443\"; ma=2592000,h3-T051=\":443\"; ma=2592000,h3-T050=\":443\"; ma=2592000,h3-Q046=\":443\"; ma=2592000,h3-Q043=\":443\"; ma=2592000,quic=\":443\"; ma=2592000; v=\"46,43\"","accept-ranges":"none","transfer-encoding":"chunked"}
[debug] [2020-10-29T02:58:07.871Z] >>> HTTP REQUEST GET https://cloudfunctions.googleapis.com/v1/operations/YXNhZG9yZXMtZmQ1YWMvdXMtY2VudHJhbDEvbWFpbi81RGl4MUhrV20zNA  
 
[debug] [2020-10-29T02:58:09.229Z] <<< HTTP RESPONSE 200 {"content-type":"application/json; charset=UTF-8","vary":"X-Origin, Referer, Origin,Accept-Encoding","date":"Thu, 29 Oct 2020 02:58:09 GMT","server":"ESF","cache-control":"private","x-xss-protection":"0","x-frame-options":"SAMEORIGIN","x-content-type-options":"nosniff","alt-svc":"h3-Q050=\":443\"; ma=2592000,h3-29=\":443\"; ma=2592000,h3-T051=\":443\"; ma=2592000,h3-T050=\":443\"; ma=2592000,h3-Q046=\":443\"; ma=2592000,h3-Q043=\":443\"; ma=2592000,quic=\":443\"; ma=2592000; v=\"46,43\"","accept-ranges":"none","transfer-encoding":"chunked"}
[debug] [2020-10-29T02:58:11.231Z] >>> HTTP REQUEST GET https://cloudfunctions.googleapis.com/v1/operations/YXNhZG9yZXMtZmQ1YWMvdXMtY2VudHJhbDEvbWFpbi81RGl4MUhrV20zNA  
 
[debug] [2020-10-29T02:58:11.724Z] <<< HTTP RESPONSE 200 {"content-type":"application/json; charset=UTF-8","vary":"X-Origin, Referer, Origin,Accept-Encoding","date":"Thu, 29 Oct 2020 02:58:11 GMT","server":"ESF","cache-control":"private","x-xss-protection":"0","x-frame-options":"SAMEORIGIN","x-content-type-options":"nosniff","alt-svc":"h3-Q050=\":443\"; ma=2592000,h3-29=\":443\"; ma=2592000,h3-T051=\":443\"; ma=2592000,h3-T050=\":443\"; ma=2592000,h3-Q046=\":443\"; ma=2592000,h3-Q043=\":443\"; ma=2592000,quic=\":443\"; ma=2592000; v=\"46,43\"","accept-ranges":"none","transfer-encoding":"chunked"}
[debug] [2020-10-29T02:58:13.727Z] >>> HTTP REQUEST GET https://cloudfunctions.googleapis.com/v1/operations/YXNhZG9yZXMtZmQ1YWMvdXMtY2VudHJhbDEvbWFpbi81RGl4MUhrV20zNA  
 
[debug] [2020-10-29T02:58:14.209Z] <<< HTTP RESPONSE 200 {"content-type":"application/json; charset=UTF-8","vary":"X-Origin, Referer, Origin,Accept-Encoding","date":"Thu, 29 Oct 2020 02:58:14 GMT","server":"ESF","cache-control":"private","x-xss-protection":"0","x-frame-options":"SAMEORIGIN","x-content-type-options":"nosniff","alt-svc":"h3-Q050=\":443\"; ma=2592000,h3-29=\":443\"; ma=2592000,h3-T051=\":443\"; ma=2592000,h3-T050=\":443\"; ma=2592000,h3-Q046=\":443\"; ma=2592000,h3-Q043=\":443\"; ma=2592000,quic=\":443\"; ma=2592000; v=\"46,43\"","accept-ranges":"none","transfer-encoding":"chunked"}
[debug] [2020-10-29T02:58:16.211Z] >>> HTTP REQUEST GET https://cloudfunctions.googleapis.com/v1/operations/YXNhZG9yZXMtZmQ1YWMvdXMtY2VudHJhbDEvbWFpbi81RGl4MUhrV20zNA  
 
[debug] [2020-10-29T02:58:16.581Z] <<< HTTP RESPONSE 200 {"content-type":"application/json; charset=UTF-8","vary":"X-Origin, Referer, Origin,Accept-Encoding","date":"Thu, 29 Oct 2020 02:58:16 GMT","server":"ESF","cache-control":"private","x-xss-protection":"0","x-frame-options":"SAMEORIGIN","x-content-type-options":"nosniff","alt-svc":"h3-Q050=\":443\"; ma=2592000,h3-29=\":443\"; ma=2592000,h3-T051=\":443\"; ma=2592000,h3-T050=\":443\"; ma=2592000,h3-Q046=\":443\"; ma=2592000,h3-Q043=\":443\"; ma=2592000,quic=\":443\"; ma=2592000; v=\"46,43\"","accept-ranges":"none","transfer-encoding":"chunked"}
[debug] [2020-10-29T02:58:18.581Z] >>> HTTP REQUEST GET https://cloudfunctions.googleapis.com/v1/operations/YXNhZG9yZXMtZmQ1YWMvdXMtY2VudHJhbDEvbWFpbi81RGl4MUhrV20zNA  
 
[debug] [2020-10-29T02:58:18.951Z] <<< HTTP RESPONSE 200 {"content-type":"application/json; charset=UTF-8","vary":"X-Origin, Referer, Origin,Accept-Encoding","date":"Thu, 29 Oct 2020 02:58:19 GMT","server":"ESF","cache-control":"private","x-xss-protection":"0","x-frame-options":"SAMEORIGIN","x-content-type-options":"nosniff","alt-svc":"h3-Q050=\":443\"; ma=2592000,h3-29=\":443\"; ma=2592000,h3-T051=\":443\"; ma=2592000,h3-T050=\":443\"; ma=2592000,h3-Q046=\":443\"; ma=2592000,h3-Q043=\":443\"; ma=2592000,quic=\":443\"; ma=2592000; v=\"46,43\"","accept-ranges":"none","transfer-encoding":"chunked"}
[debug] [2020-10-29T02:58:20.951Z] >>> HTTP REQUEST GET https://cloudfunctions.googleapis.com/v1/operations/YXNhZG9yZXMtZmQ1YWMvdXMtY2VudHJhbDEvbWFpbi81RGl4MUhrV20zNA  
 
[debug] [2020-10-29T02:58:21.366Z] <<< HTTP RESPONSE 200 {"content-type":"application/json; charset=UTF-8","vary":"X-Origin, Referer, Origin,Accept-Encoding","date":"Thu, 29 Oct 2020 02:58:21 GMT","server":"ESF","cache-control":"private","x-xss-protection":"0","x-frame-options":"SAMEORIGIN","x-content-type-options":"nosniff","alt-svc":"h3-Q050=\":443\"; ma=2592000,h3-29=\":443\"; ma=2592000,h3-T051=\":443\"; ma=2592000,h3-T050=\":443\"; ma=2592000,h3-Q046=\":443\"; ma=2592000,h3-Q043=\":443\"; ma=2592000,quic=\":443\"; ma=2592000; v=\"46,43\"","accept-ranges":"none","transfer-encoding":"chunked"}
[debug] [2020-10-29T02:58:23.368Z] >>> HTTP REQUEST GET https://cloudfunctions.googleapis.com/v1/operations/YXNhZG9yZXMtZmQ1YWMvdXMtY2VudHJhbDEvbWFpbi81RGl4MUhrV20zNA  
 
[debug] [2020-10-29T02:58:23.738Z] <<< HTTP RESPONSE 200 {"content-type":"application/json; charset=UTF-8","vary":"X-Origin, Referer, Origin,Accept-Encoding","date":"Thu, 29 Oct 2020 02:58:23 GMT","server":"ESF","cache-control":"private","x-xss-protection":"0","x-frame-options":"SAMEORIGIN","x-content-type-options":"nosniff","alt-svc":"h3-Q050=\":443\"; ma=2592000,h3-29=\":443\"; ma=2592000,h3-T051=\":443\"; ma=2592000,h3-T050=\":443\"; ma=2592000,h3-Q046=\":443\"; ma=2592000,h3-Q043=\":443\"; ma=2592000,quic=\":443\"; ma=2592000; v=\"46,43\"","accept-ranges":"none","transfer-encoding":"chunked"}
[debug] [2020-10-29T02:58:25.739Z] >>> HTTP REQUEST GET https://cloudfunctions.googleapis.com/v1/operations/YXNhZG9yZXMtZmQ1YWMvdXMtY2VudHJhbDEvbWFpbi81RGl4MUhrV20zNA  
 
[debug] [2020-10-29T02:58:26.104Z] <<< HTTP RESPONSE 200 {"content-type":"application/json; charset=UTF-8","vary":"X-Origin, Referer, Origin,Accept-Encoding","date":"Thu, 29 Oct 2020 02:58:26 GMT","server":"ESF","cache-control":"private","x-xss-protection":"0","x-frame-options":"SAMEORIGIN","x-content-type-options":"nosniff","alt-svc":"h3-Q050=\":443\"; ma=2592000,h3-29=\":443\"; ma=2592000,h3-T051=\":443\"; ma=2592000,h3-T050=\":443\"; ma=2592000,h3-Q046=\":443\"; ma=2592000,h3-Q043=\":443\"; ma=2592000,quic=\":443\"; ma=2592000; v=\"46,43\"","accept-ranges":"none","transfer-encoding":"chunked"}
[debug] [2020-10-29T02:58:28.105Z] >>> HTTP REQUEST GET https://cloudfunctions.googleapis.com/v1/operations/YXNhZG9yZXMtZmQ1YWMvdXMtY2VudHJhbDEvbWFpbi81RGl4MUhrV20zNA  
 
[debug] [2020-10-29T02:58:28.543Z] <<< HTTP RESPONSE 200 {"content-type":"application/json; charset=UTF-8","vary":"X-Origin, Referer, Origin,Accept-Encoding","date":"Thu, 29 Oct 2020 02:58:28 GMT","server":"ESF","cache-control":"private","x-xss-protection":"0","x-frame-options":"SAMEORIGIN","x-content-type-options":"nosniff","alt-svc":"h3-Q050=\":443\"; ma=2592000,h3-29=\":443\"; ma=2592000,h3-T051=\":443\"; ma=2592000,h3-T050=\":443\"; ma=2592000,h3-Q046=\":443\"; ma=2592000,h3-Q043=\":443\"; ma=2592000,quic=\":443\"; ma=2592000; v=\"46,43\"","accept-ranges":"none","transfer-encoding":"chunked"}
[debug] [2020-10-29T02:58:30.543Z] >>> HTTP REQUEST GET https://cloudfunctions.googleapis.com/v1/operations/YXNhZG9yZXMtZmQ1YWMvdXMtY2VudHJhbDEvbWFpbi81RGl4MUhrV20zNA  
 
[debug] [2020-10-29T02:58:31.153Z] <<< HTTP RESPONSE 200 {"content-type":"application/json; charset=UTF-8","vary":"X-Origin, Referer, Origin,Accept-Encoding","date":"Thu, 29 Oct 2020 02:58:31 GMT","server":"ESF","cache-control":"private","x-xss-protection":"0","x-frame-options":"SAMEORIGIN","x-content-type-options":"nosniff","alt-svc":"h3-Q050=\":443\"; ma=2592000,h3-29=\":443\"; ma=2592000,h3-T051=\":443\"; ma=2592000,h3-T050=\":443\"; ma=2592000,h3-Q046=\":443\"; ma=2592000,h3-Q043=\":443\"; ma=2592000,quic=\":443\"; ma=2592000; v=\"46,43\"","accept-ranges":"none","transfer-encoding":"chunked"}
[debug] [2020-10-29T02:58:33.154Z] >>> HTTP REQUEST GET https://cloudfunctions.googleapis.com/v1/operations/YXNhZG9yZXMtZmQ1YWMvdXMtY2VudHJhbDEvbWFpbi81RGl4MUhrV20zNA  
 
[debug] [2020-10-29T02:58:33.715Z] <<< HTTP RESPONSE 200 {"content-type":"application/json; charset=UTF-8","vary":"X-Origin, Referer, Origin,Accept-Encoding","date":"Thu, 29 Oct 2020 02:58:33 GMT","server":"ESF","cache-control":"private","x-xss-protection":"0","x-frame-options":"SAMEORIGIN","x-content-type-options":"nosniff","alt-svc":"h3-Q050=\":443\"; ma=2592000,h3-29=\":443\"; ma=2592000,h3-T051=\":443\"; ma=2592000,h3-T050=\":443\"; ma=2592000,h3-Q046=\":443\"; ma=2592000,h3-Q043=\":443\"; ma=2592000,quic=\":443\"; ma=2592000; v=\"46,43\"","accept-ranges":"none","transfer-encoding":"chunked"}
[debug] [2020-10-29T02:58:35.716Z] >>> HTTP REQUEST GET https://cloudfunctions.googleapis.com/v1/operations/YXNhZG9yZXMtZmQ1YWMvdXMtY2VudHJhbDEvbWFpbi81RGl4MUhrV20zNA  
 
[debug] [2020-10-29T02:58:36.169Z] <<< HTTP RESPONSE 200 {"content-type":"application/json; charset=UTF-8","vary":"X-Origin, Referer, Origin,Accept-Encoding","date":"Thu, 29 Oct 2020 02:58:36 GMT","server":"ESF","cache-control":"private","x-xss-protection":"0","x-frame-options":"SAMEORIGIN","x-content-type-options":"nosniff","alt-svc":"h3-Q050=\":443\"; ma=2592000,h3-29=\":443\"; ma=2592000,h3-T051=\":443\"; ma=2592000,h3-T050=\":443\"; ma=2592000,h3-Q046=\":443\"; ma=2592000,h3-Q043=\":443\"; ma=2592000,quic=\":443\"; ma=2592000; v=\"46,43\"","accept-ranges":"none","transfer-encoding":"chunked"}
[debug] [2020-10-29T02:58:38.170Z] >>> HTTP REQUEST GET https://cloudfunctions.googleapis.com/v1/operations/YXNhZG9yZXMtZmQ1YWMvdXMtY2VudHJhbDEvbWFpbi81RGl4MUhrV20zNA  
 
[debug] [2020-10-29T02:58:38.533Z] <<< HTTP RESPONSE 200 {"content-type":"application/json; charset=UTF-8","vary":"X-Origin, Referer, Origin,Accept-Encoding","date":"Thu, 29 Oct 2020 02:58:38 GMT","server":"ESF","cache-control":"private","x-xss-protection":"0","x-frame-options":"SAMEORIGIN","x-content-type-options":"nosniff","alt-svc":"h3-Q050=\":443\"; ma=2592000,h3-29=\":443\"; ma=2592000,h3-T051=\":443\"; ma=2592000,h3-T050=\":443\"; ma=2592000,h3-Q046=\":443\"; ma=2592000,h3-Q043=\":443\"; ma=2592000,quic=\":443\"; ma=2592000; v=\"46,43\"","accept-ranges":"none","transfer-encoding":"chunked"}
[debug] [2020-10-29T02:58:40.534Z] >>> HTTP REQUEST GET https://cloudfunctions.googleapis.com/v1/operations/YXNhZG9yZXMtZmQ1YWMvdXMtY2VudHJhbDEvbWFpbi81RGl4MUhrV20zNA  
 
